<?xml version="1.0" encoding="UTF-8"?>
<!-- Generated by org.testng.reporters.JUnitReportReporter -->
<testsuite hostname="Khosruzs-MacBook-Pro.local" failures="0" tests="2" name="com.Pages.Students" time="1.016" errors="0" timestamp="2024-05-26T15:44:33 EDT" skipped="0">
  <testcase classname="com.Pages.Students" name="getAllStudents" time="0.029"/>
  <system-out/>
  <testcase classname="com.Pages.Students" name="addStudent" time="0.987"/>
  <system-out/>
</testsuite> <!-- com.Pages.Students -->
