<?xml version="1.0" encoding="UTF-8"?>
<!-- Generated by org.testng.reporters.JUnitReportReporter -->
<testsuite hostname="Khosruz" failures="0" tests="1" name="com.Pages.Students" time="1.536" errors="0" timestamp="2024-05-27T11:48:24 EDT" skipped="0">
  <testcase classname="com.Pages.Students" name="delectRecord_DELETE" time="1.536"/>
  <system-out/>
</testsuite> <!-- com.Pages.Students -->
